0 info it worked if it ends with ok
1 verbose cli [ '/usr/bin/node', '/usr/bin/npm', 'install', '-g', 'klass' ]
2 info using npm@1.4.28
3 info using node@v0.10.33
4 verbose node symlink /usr/bin/node
5 verbose cache add [ 'klass', null ]
6 verbose cache add name=undefined spec="klass" args=["klass",null]
7 verbose parsed url { protocol: null,
7 verbose parsed url   slashes: null,
7 verbose parsed url   auth: null,
7 verbose parsed url   host: null,
7 verbose parsed url   port: null,
7 verbose parsed url   hostname: null,
7 verbose parsed url   hash: null,
7 verbose parsed url   search: null,
7 verbose parsed url   query: null,
7 verbose parsed url   pathname: 'klass',
7 verbose parsed url   path: 'klass',
7 verbose parsed url   href: 'klass' }
8 silly lockFile 0a78cd41-klass klass
9 verbose lock klass /home/martinza/.npm/0a78cd41-klass.lock
10 silly lockFile 0a78cd41-klass klass
11 silly lockFile 0a78cd41-klass klass
12 verbose addNamed [ 'klass', '' ]
13 verbose addNamed [ null, '*' ]
14 silly lockFile dd0cfb22-klass klass@
15 verbose lock klass@ /home/martinza/.npm/dd0cfb22-klass.lock
16 silly addNameRange { name: 'klass', range: '*', hasData: false }
17 verbose request where is /klass
18 verbose request registry https://registry.npmjs.org/
19 verbose request id 59b32a46b75a915b
20 verbose url raw /klass
21 verbose url resolving [ 'https://registry.npmjs.org/', './klass' ]
22 verbose url resolved https://registry.npmjs.org/klass
23 verbose request where is https://registry.npmjs.org/klass
24 info trying registry request attempt 1 at 14:34:10
25 http GET https://registry.npmjs.org/klass
26 http 200 https://registry.npmjs.org/klass
27 silly registry.get cb [ 200,
27 silly registry.get   { date: 'Mon, 05 Jan 2015 19:34:10 GMT',
27 silly registry.get     server: 'CouchDB/1.5.0 (Erlang OTP/R16B03)',
27 silly registry.get     etag: '"4QKQCOEL218JS35JZU9IUMOEE"',
27 silly registry.get     'content-type': 'application/json',
27 silly registry.get     'cache-control': 'max-age=60',
27 silly registry.get     'content-length': '24013',
27 silly registry.get     'accept-ranges': 'bytes',
27 silly registry.get     via: '1.1 varnish',
27 silly registry.get     age: '0',
27 silly registry.get     'x-served-by': 'cache-dfw1833-DFW',
27 silly registry.get     'x-cache': 'MISS',
27 silly registry.get     'x-cache-hits': '0',
27 silly registry.get     'x-timer': 'S1420486450.763183,VS0,VE86',
27 silly registry.get     vary: 'Accept',
27 silly registry.get     'keep-alive': 'timeout=10, max=50',
27 silly registry.get     connection: 'Keep-Alive' } ]
28 silly addNameRange number 2 { name: 'klass', range: '*', hasData: true }
29 silly addNameRange versions [ 'klass',
29 silly addNameRange   [ '0.0.1',
29 silly addNameRange     '0.0.2',
29 silly addNameRange     '0.0.3',
29 silly addNameRange     '0.0.4',
29 silly addNameRange     '0.0.6',
29 silly addNameRange     '0.0.5',
29 silly addNameRange     '0.0.7',
29 silly addNameRange     '0.0.8',
29 silly addNameRange     '0.0.9',
29 silly addNameRange     '1.0.0',
29 silly addNameRange     '1.0.1',
29 silly addNameRange     '1.0.2',
29 silly addNameRange     '1.0.3',
29 silly addNameRange     '1.0.4',
29 silly addNameRange     '1.0.5',
29 silly addNameRange     '1.0.6',
29 silly addNameRange     '1.1.0',
29 silly addNameRange     '1.2.0',
29 silly addNameRange     '1.2.1',
29 silly addNameRange     '1.2.2',
29 silly addNameRange     '1.2.3',
29 silly addNameRange     '1.3.0',
29 silly addNameRange     '1.3.1',
29 silly addNameRange     '1.4.0' ] ]
30 verbose addNamed [ 'klass', '1.4.0' ]
31 verbose addNamed [ '1.4.0', '1.4.0' ]
32 silly lockFile 07911a7b-klass-1-4-0 klass@1.4.0
33 verbose lock klass@1.4.0 /home/martinza/.npm/07911a7b-klass-1-4-0.lock
34 silly lockFile 982230f2--npmjs-org-klass-klass-1-4-0-tgz https://registry.npmjs.org/klass/-/klass-1.4.0.tgz
35 verbose lock https://registry.npmjs.org/klass/-/klass-1.4.0.tgz /home/martinza/.npm/982230f2--npmjs-org-klass-klass-1-4-0-tgz.lock
36 verbose addRemoteTarball [ 'https://registry.npmjs.org/klass/-/klass-1.4.0.tgz',
36 verbose addRemoteTarball   '4d12675055182f5cab9ccaf60817bd81f90dc549' ]
37 info retry fetch attempt 1 at 14:34:11
38 verbose fetch to= /tmp/npm-6386-eMxwa9Ny/registry.npmjs.org/klass/-/klass-1.4.0.tgz
39 http GET https://registry.npmjs.org/klass/-/klass-1.4.0.tgz
40 http 200 https://registry.npmjs.org/klass/-/klass-1.4.0.tgz
41 silly lockFile 982230f2--npmjs-org-klass-klass-1-4-0-tgz https://registry.npmjs.org/klass/-/klass-1.4.0.tgz
42 silly lockFile 982230f2--npmjs-org-klass-klass-1-4-0-tgz https://registry.npmjs.org/klass/-/klass-1.4.0.tgz
43 silly lockFile 07911a7b-klass-1-4-0 klass@1.4.0
44 silly lockFile 07911a7b-klass-1-4-0 klass@1.4.0
45 silly lockFile dd0cfb22-klass klass@
46 silly lockFile dd0cfb22-klass klass@
47 silly resolved [ { name: 'klass',
47 silly resolved     description: 'Class provider with classical inheritance interface',
47 silly resolved     version: '1.4.0',
47 silly resolved     homepage: 'https://github.com/ded/klass',
47 silly resolved     author:
47 silly resolved      { name: 'Dustin Diaz',
47 silly resolved        email: 'polvero@gmail.com',
47 silly resolved        url: 'http://dustindiaz.com' },
47 silly resolved     main: './klass.js',
47 silly resolved     ender: './src/ender.js',
47 silly resolved     keywords: [ 'ender', 'class', 'prototype', 'inheritance', 'oop' ],
47 silly resolved     repository: { type: 'git', url: 'https://github.com/ded/klass.git' },
47 silly resolved     engines: { node: '>= 0.4.0' },
47 silly resolved     devDependencies: { 'sink-test': '>= 0.0.8', smoosh: '0.4.x' },
47 silly resolved     bugs: { url: 'https://github.com/ded/klass/issues' },
47 silly resolved     _id: 'klass@1.4.0',
47 silly resolved     dist:
47 silly resolved      { shasum: '4d12675055182f5cab9ccaf60817bd81f90dc549',
47 silly resolved        tarball: 'http://registry.npmjs.org/klass/-/klass-1.4.0.tgz' },
47 silly resolved     _from: 'klass@',
47 silly resolved     _npmVersion: '1.3.24',
47 silly resolved     _npmUser: { name: 'ded', email: 'polvero@gmail.com' },
47 silly resolved     maintainers: [ [Object], [Object], [Object] ],
47 silly resolved     directories: {},
47 silly resolved     _shasum: '4d12675055182f5cab9ccaf60817bd81f90dc549',
47 silly resolved     _resolved: 'https://registry.npmjs.org/klass/-/klass-1.4.0.tgz' } ]
48 info install klass@1.4.0 into /usr/lib
49 info installOne klass@1.4.0
50 verbose lib/node_modules/klass unbuild
51 verbose tar unpack /home/martinza/.npm/klass/1.4.0/package.tgz
52 silly lockFile 31073bc2-tar-usr-lib-node-modules-klass tar:///usr/lib/node_modules/klass
53 verbose lock tar:///usr/lib/node_modules/klass /home/martinza/.npm/31073bc2-tar-usr-lib-node-modules-klass.lock
54 silly lockFile 43b9c64f-inza-npm-klass-1-4-0-package-tgz tar:///home/martinza/.npm/klass/1.4.0/package.tgz
55 verbose lock tar:///home/martinza/.npm/klass/1.4.0/package.tgz /home/martinza/.npm/43b9c64f-inza-npm-klass-1-4-0-package-tgz.lock
56 silly gunzTarPerm modes [ '775', '664' ]
57 error Error: EACCES, mkdir '/usr/lib/node_modules/klass'
57 error  { [Error: EACCES, mkdir '/usr/lib/node_modules/klass']
57 error   errno: 3,
57 error   code: 'EACCES',
57 error   path: '/usr/lib/node_modules/klass',
57 error   fstream_type: 'Directory',
57 error   fstream_path: '/usr/lib/node_modules/klass',
57 error   fstream_class: 'DirWriter',
57 error   fstream_stack:
57 error    [ '/usr/lib/node_modules/npm/node_modules/fstream/lib/dir-writer.js:36:23',
57 error      '/usr/lib/node_modules/npm/node_modules/mkdirp/index.js:46:53',
57 error      'Object.oncomplete (fs.js:107:15)' ] }
58 error Please try running this command again as root/Administrator.
59 error System Linux 3.13.0-43-generic
60 error command "/usr/bin/node" "/usr/bin/npm" "install" "-g" "klass"
61 error cwd /home/martinza/Projects/Strap/strapkit_wear/bin/templates/framework/mobile/src/main/assets/js
62 error node -v v0.10.33
63 error npm -v 1.4.28
64 error path /usr/lib/node_modules/klass
65 error fstream_path /usr/lib/node_modules/klass
66 error fstream_type Directory
67 error fstream_class DirWriter
68 error code EACCES
69 error errno 3
70 error stack Error: EACCES, mkdir '/usr/lib/node_modules/klass'
71 error fstream_stack /usr/lib/node_modules/npm/node_modules/fstream/lib/dir-writer.js:36:23
71 error fstream_stack /usr/lib/node_modules/npm/node_modules/mkdirp/index.js:46:53
71 error fstream_stack Object.oncomplete (fs.js:107:15)
72 verbose exit [ 3, true ]
